<?xml version="1.0" encoding="UTF-8"?>
<!-- Generated by org.testng.reporters.JUnitReportReporter -->
<testsuite hostname="LTIN233236" failures="0" tests="5" name="Test.Day3" time="0.026" errors="0" timestamp="2024-07-11T19:30:37 IST" skipped="0">
  <testcase classname="Test.Day3" name="MobilesignoutCar" time="0.001"/>
  <system-out/>
  <testcase classname="Test.Day3" name="MobilesignoutCar" time="0.009"/>
  <system-out/>
  <testcase classname="Test.Day3" name="MobileLoginCar" time="0.012"/>
  <system-out/>
  <testcase classname="Test.Day3" name="MobilesigninCar" time="0.002"/>
  <system-out/>
  <testcase classname="Test.Day3" name="MobilesignoutCar" time="0.002"/>
  <system-out/>
</testsuite> <!-- Test.Day3 -->
