<?xml version="1.0" encoding="UTF-8"?>
<!-- Generated by org.testng.reporters.JUnitReportReporter -->
<testsuite hostname="LTIN233236" failures="0" tests="4" name="Test.Day4" time="0.010" errors="0" timestamp="2024-07-11T19:30:37 IST" skipped="1">
  <testcase classname="Test.Day4" name="MobileLoginHome" time="0.003"/>
  <system-out/>
  <testcase classname="Test.Day4" name="APIHome" time="0.004"/>
  <system-out/>
  <testcase classname="Test.Day4" name="APIloginHome" time="0.003"/>
  <system-out/>
  <testcase classname="Test.Day4" name="WebloginHome">
    <skipped/>
  </testcase> <!-- WebloginHome -->
  <system-out/>
</testsuite> <!-- Test.Day4 -->
