<?xml version="1.0" encoding="UTF-8"?>
<!-- Generated by org.testng.reporters.JUnitReportReporter -->
<testsuite hostname="LTIN233236" failures="0" tests="1" name="Test.AllAnnotations" time="0.021" errors="0" timestamp="2024-07-11T16:58:15 IST" skipped="0">
  <testcase classname="Test.AllAnnotations" name="Demo" time="0.021"/>
  <system-out/>
</testsuite> <!-- Test.AllAnnotations -->
