<?xml version="1.0" encoding="UTF-8"?>
<!-- Generated by org.testng.reporters.JUnitReportReporter -->
<testsuite hostname="LTIN233236" failures="0" tests="1" name="Test.Day1" time="0.013" errors="0" timestamp="2024-07-11T19:30:37 IST" skipped="0">
  <testcase classname="Test.Day1" name="Demo1" time="0.013"/>
  <system-out/>
</testsuite> <!-- Test.Day1 -->
