<?xml version="1.0" encoding="UTF-8"?>
<!-- Generated by org.testng.reporters.JUnitReportReporter -->
<testsuite hostname="LTIN233236" failures="0" tests="1" name="Test.Day2" time="0.004" errors="0" timestamp="2024-07-11T19:30:37 IST" skipped="0">
  <testcase classname="Test.Day2" name="Personalloan" time="0.004"/>
  <system-out/>
</testsuite> <!-- Test.Day2 -->
