<?xml version="1.0" encoding="UTF-8"?>
<!-- Generated by org.testng.reporters.JUnitReportReporter -->
<testsuite hostname="LTIN233236" failures="0" tests="1" name="Test1" time="0.021" errors="0" timestamp="2024-07-09T19:06:59 IST" skipped="0">
  <testcase classname="Test1" name="StreamsFilter" time="0.021"/>
  <system-out/>
</testsuite> <!-- Test1 -->
