<?xml version="1.0" encoding="UTF-8"?>
<!-- Generated by org.testng.reporters.JUnitReportReporter -->
<testsuite hostname="LTIN233236" failures="0" tests="1" name="Sumofcount" time="2.089" errors="0" timestamp="2024-07-15T11:28:51 IST" skipped="0">
  <testcase classname="Sumofcount" name="sumofcourses" time="2.089"/>
</testsuite> <!-- Sumofcount -->
